{"name": "Проверяем флоу оформления заказа авторизованным пользователем", "status": "broken", "statusDetails": {"message": "selenium.common.exceptions.TimeoutException: Message: \nStacktrace:\nRemoteError@chrome://remote/content/shared/RemoteError.sys.mjs:8:8\nWebDriverError@chrome://remote/content/shared/webdriver/Errors.sys.mjs:193:5\nNoSuchElementError@chrome://remote/content/shared/webdriver/Errors.sys.mjs:511:5\ndom.find/</<@chrome://remote/content/shared/DOM.sys.mjs:136:16", "trace": "self = <test_main_functions.TestMainFunctions object at 0x0000015F9BA6CD40>\ndriver = <selenium.webdriver.firefox.webdriver.WebDriver (session=\"6d1de8d2-181b-46cc-806f-e845c406d1d7\")>\nregistration = {'accessToken': 'Bearer eyJhbGciOiJIUzI1NiIsInR5cCI6IkpXVCJ9.eyJpZCI6IjY3MzA5MWJkOWVkMjgwMDAxYjUwZDU0NyIsImlhdCI6MTczM....FQq0nUx-WGqKrRGKpy0-a_RAFKkIXRweUpzka6HSrbo', 'email': '84900@gmail.com', 'name': 'rziqaciuuq', 'password': '7874857'}\n\n    @allure.title(\"Проверяем флоу оформления заказа авторизованным пользователем\")\n    def test_authorized_order_flow(self, driver, registration):\n        login_page = LoginPage(driver)\n        login_page.navigate(LOGIN_URL)\n        login_page.fill_in_email(registration['email'])\n        login_page.fill_in_password(registration['password'])\n        login_page.click_login_button()\n        main_page = MainPage(driver)\n        main_page.wait_order_button_visible()\n        expected_url = MAIN_URL\n        assert driver.current_url == expected_url\n        main_page.ingredient_drag_and_drop()\n>       main_page.wait_for_counter_visible()\n\ntests\\test_main_functions.py:65: \n_ _ _ _ _ _ _ _ _ _ _ _ _ _ _ _ _ _ _ _ _ _ _ _ _ _ _ _ _ _ _ _ _ _ _ _ _ _ _ _ _ _ _ _ _ _ _ _ _ _ _ _ _ _ _ _ _ _ _ _ _ _ _ _ _ _ _ _ _ _ _ _ _ _ _ _ _ _ _ _ _ _ _ _ _ _ _ _ _ _\npages\\main_page.py:50: in wait_for_counter_visible\n    self.wait_for_element_visible(MainPageLocators.FLUO_BUN_COUNTER)\npages\\base_page.py:34: in wait_for_element_visible\n    return WebDriverWait(self.driver, timeout).until(EC.visibility_of_element_located(locator))\n_ _ _ _ _ _ _ _ _ _ _ _ _ _ _ _ _ _ _ _ _ _ _ _ _ _ _ _ _ _ _ _ _ _ _ _ _ _ _ _ _ _ _ _ _ _ _ _ _ _ _ _ _ _ _ _ _ _ _ _ _ _ _ _ _ _ _ _ _ _ _ _ _ _ _ _ _ _ _ _ _ _ _ _ _ _ _ _ _ _\n\nself = <selenium.webdriver.support.wait.WebDriverWait (session=\"6d1de8d2-181b-46cc-806f-e845c406d1d7\")>\nmethod = <function visibility_of_element_located.<locals>._predicate at 0x0000015F9BB9C540>, message = ''\n\n    def until(self, method: Callable[[D], Union[Literal[False], T]], message: str = \"\") -> T:\n        \"\"\"Calls the method provided with the driver as an argument until the \\\n        return value does not evaluate to ``False``.\n    \n        :param method: callable(WebDriver)\n        :param message: optional message for :exc:`TimeoutException`\n        :returns: the result of the last call to `method`\n        :raises: :exc:`selenium.common.exceptions.TimeoutException` if timeout occurs\n        \"\"\"\n        screen = None\n        stacktrace = None\n    \n        end_time = time.monotonic() + self._timeout\n        while True:\n            try:\n                value = method(self._driver)\n                if value:\n                    return value\n            except self._ignored_exceptions as exc:\n                screen = getattr(exc, \"screen\", None)\n                stacktrace = getattr(exc, \"stacktrace\", None)\n            if time.monotonic() > end_time:\n                break\n            time.sleep(self._poll)\n>       raise TimeoutException(message, screen, stacktrace)\nE       selenium.common.exceptions.TimeoutException: Message: \nE       Stacktrace:\nE       RemoteError@chrome://remote/content/shared/RemoteError.sys.mjs:8:8\nE       WebDriverError@chrome://remote/content/shared/webdriver/Errors.sys.mjs:193:5\nE       NoSuchElementError@chrome://remote/content/shared/webdriver/Errors.sys.mjs:511:5\nE       dom.find/</<@chrome://remote/content/shared/DOM.sys.mjs:136:16\n\n.venv\\Lib\\site-packages\\selenium\\webdriver\\support\\wait.py:105: TimeoutException"}, "steps": [{"name": "Инициализируем браузер", "status": "passed", "parameters": [{"name": "driver", "value": "<selenium.webdriver.firefox.webdriver.WebDriver (session=\"6d1de8d2-181b-46cc-806f-e845c406d1d7\")>"}], "start": 1731236522396, "stop": 1731236522396}, {"name": "Открываем нужный URL", "status": "passed", "parameters": [{"name": "url", "value": "'https://stellarburgers.nomoreparties.site/login'"}], "start": 1731236522396, "stop": 1731236524435}, {"name": "Заполняем поле Email", "status": "passed", "steps": [{"name": "Ждём, пока элемент станет кликабельным", "status": "passed", "parameters": [{"name": "locator", "value": "('xpath', \"(//div[contains(.,'Email')])[5]\")"}, {"name": "timeout", "value": "60"}], "start": 1731236524435, "stop": 1731236524493}, {"name": "Кликаем по нужному элементу", "status": "passed", "steps": [{"name": "Ищем нужный элемент", "status": "passed", "parameters": [{"name": "locator", "value": "('xpath', \"(//div[contains(.,'Email')])[5]\")"}, {"name": "timeout", "value": "60"}], "start": 1731236524494, "stop": 1731236524502}], "parameters": [{"name": "locator", "value": "('xpath', \"(//div[contains(.,'Email')])[5]\")"}], "start": 1731236524494, "stop": 1731236524773}, {"name": "Заполняем поле нужным значением", "status": "passed", "steps": [{"name": "Ищем нужный элемент", "status": "passed", "parameters": [{"name": "locator", "value": "('xpath', \"(//input[@class='text input__textfield text_type_main-default'])[1]\")"}, {"name": "timeout", "value": "60"}], "start": 1731236524774, "stop": 1731236524777}], "parameters": [{"name": "locator", "value": "('xpath', \"(//input[@class='text input__textfield text_type_main-default'])[1]\")"}, {"name": "text", "value": "'84900@gmail.com'"}], "start": 1731236524774, "stop": 1731236524815}], "parameters": [{"name": "text", "value": "'84900@gmail.com'"}], "start": 1731236524435, "stop": 1731236524815}, {"name": "Заполняем поле 'Пароль'", "status": "passed", "steps": [{"name": "Ждём, пока элемент станет кликабельным", "status": "passed", "parameters": [{"name": "locator", "value": "('xpath', \"//label[contains(.,'Пароль')]\")"}, {"name": "timeout", "value": "60"}], "start": 1731236524815, "stop": 1731236524839}, {"name": "Кликаем по нужному элементу", "status": "passed", "steps": [{"name": "Ищем нужный элемент", "status": "passed", "parameters": [{"name": "locator", "value": "('xpath', \"//label[contains(.,'Пароль')]\")"}, {"name": "timeout", "value": "60"}], "start": 1731236524839, "stop": 1731236524842}], "parameters": [{"name": "locator", "value": "('xpath', \"//label[contains(.,'Пароль')]\")"}], "start": 1731236524839, "stop": 1731236525070}, {"name": "Заполняем поле нужным значением", "status": "passed", "steps": [{"name": "Ищем нужный элемент", "status": "passed", "parameters": [{"name": "locator", "value": "('xpath', \"//input[contains(@name,'Пароль')]\")"}, {"name": "timeout", "value": "60"}], "start": 1731236525070, "stop": 1731236525073}], "parameters": [{"name": "locator", "value": "('xpath', \"//input[contains(@name,'Пароль')]\")"}, {"name": "text", "value": "'7874857'"}], "start": 1731236525070, "stop": 1731236525090}], "parameters": [{"name": "text", "value": "'7874857'"}], "start": 1731236524815, "stop": 1731236525090}, {"name": "Нажимаем на кнопку 'Войти'", "status": "passed", "steps": [{"name": "Кликаем по нужному элементу", "status": "passed", "steps": [{"name": "Ищем нужный элемент", "status": "passed", "parameters": [{"name": "locator", "value": "('xpath', \"//button[contains(.,'Войти')]\")"}, {"name": "timeout", "value": "60"}], "start": 1731236525090, "stop": 1731236525093}], "parameters": [{"name": "locator", "value": "('xpath', \"//button[contains(.,'Войти')]\")"}], "start": 1731236525090, "stop": 1731236525332}], "start": 1731236525090, "stop": 1731236525332}, {"name": "Инициализируем браузер", "status": "passed", "parameters": [{"name": "driver", "value": "<selenium.webdriver.firefox.webdriver.WebDriver (session=\"6d1de8d2-181b-46cc-806f-e845c406d1d7\")>"}], "start": 1731236525333, "stop": 1731236525333}, {"name": "Ожидаем видимости кнопки 'Оформить заказ'", "status": "passed", "steps": [{"name": "Ждём, пока элемент станет видимым", "status": "passed", "parameters": [{"name": "locator", "value": "('xpath', \"//button[contains(.,'Оформить заказ')]\")"}, {"name": "timeout", "value": "60"}], "start": 1731236525333, "stop": 1731236525856}], "start": 1731236525333, "stop": 1731236525856}, {"name": "Перетаскиваем ингредиент в список ингредиентов", "status": "passed", "steps": [{"name": "Ждём, пока элемент станет кликабельным", "status": "passed", "parameters": [{"name": "locator", "value": "('xpath', \"(//p[contains(.,'Флюоресцентная булка R2-D3')])\")"}, {"name": "timeout", "value": "60"}], "start": 1731236525858, "stop": 1731236525873}, {"name": "Ждём, пока элемент станет видимым", "status": "passed", "parameters": [{"name": "locator", "value": "('xpath', \"//div[@class='constructor-element constructor-element_pos_top']\")"}, {"name": "timeout", "value": "60"}], "start": 1731236525876, "stop": 1731236525889}, {"name": "Перетаскиваем элемент", "status": "passed", "parameters": [{"name": "source_element", "value": "<selenium.webdriver.remote.webelement.WebElement (session=\"6d1de8d2-181b-46cc-806f-e845c406d1d7\", element=\"4e2fed03-bfb0-41d1-bb59-e5ad7c975dfd\")>"}, {"name": "target_element", "value": "<selenium.webdriver.remote.webelement.WebElement (session=\"6d1de8d2-181b-46cc-806f-e845c406d1d7\", element=\"b3f2cef2-174d-4002-a533-140d2e88480c\")>"}], "start": 1731236525892, "stop": 1731236526436}], "start": 1731236525858, "stop": 1731236526436}, {"name": "Ожидаем видимости каунтера", "status": "broken", "statusDetails": {"message": "selenium.common.exceptions.TimeoutException: Message: \nStacktrace:\nRemoteError@chrome://remote/content/shared/RemoteError.sys.mjs:8:8\nWebDriverError@chrome://remote/content/shared/webdriver/Errors.sys.mjs:193:5\nNoSuchElementError@chrome://remote/content/shared/webdriver/Errors.sys.mjs:511:5\ndom.find/</<@chrome://remote/content/shared/DOM.sys.mjs:136:16\n\n", "trace": "  File \"C:\\Users\\ASUS\\PycharmProjects\\Diplom__3\\.venv\\Lib\\site-packages\\allure_commons\\_allure.py\", line 192, in impl\n    return func(*a, **kw)\n           ^^^^^^^^^^^^^^\n  File \"C:\\Users\\ASUS\\PycharmProjects\\Diplom__3\\pages\\main_page.py\", line 50, in wait_for_counter_visible\n    self.wait_for_element_visible(MainPageLocators.FLUO_BUN_COUNTER)\n  File \"C:\\Users\\ASUS\\PycharmProjects\\Diplom__3\\.venv\\Lib\\site-packages\\allure_commons\\_allure.py\", line 192, in impl\n    return func(*a, **kw)\n           ^^^^^^^^^^^^^^\n  File \"C:\\Users\\ASUS\\PycharmProjects\\Diplom__3\\pages\\base_page.py\", line 34, in wait_for_element_visible\n    return WebDriverWait(self.driver, timeout).until(EC.visibility_of_element_located(locator))\n           ^^^^^^^^^^^^^^^^^^^^^^^^^^^^^^^^^^^^^^^^^^^^^^^^^^^^^^^^^^^^^^^^^^^^^^^^^^^^^^^^^^^^\n  File \"C:\\Users\\ASUS\\PycharmProjects\\Diplom__3\\.venv\\Lib\\site-packages\\selenium\\webdriver\\support\\wait.py\", line 105, in until\n    raise TimeoutException(message, screen, stacktrace)\n"}, "steps": [{"name": "Ждём, пока элемент станет видимым", "status": "broken", "statusDetails": {"message": "selenium.common.exceptions.TimeoutException: Message: \nStacktrace:\nRemoteError@chrome://remote/content/shared/RemoteError.sys.mjs:8:8\nWebDriverError@chrome://remote/content/shared/webdriver/Errors.sys.mjs:193:5\nNoSuchElementError@chrome://remote/content/shared/webdriver/Errors.sys.mjs:511:5\ndom.find/</<@chrome://remote/content/shared/DOM.sys.mjs:136:16\n\n", "trace": "  File \"C:\\Users\\ASUS\\PycharmProjects\\Diplom__3\\.venv\\Lib\\site-packages\\allure_commons\\_allure.py\", line 192, in impl\n    return func(*a, **kw)\n           ^^^^^^^^^^^^^^\n  File \"C:\\Users\\ASUS\\PycharmProjects\\Diplom__3\\pages\\base_page.py\", line 34, in wait_for_element_visible\n    return WebDriverWait(self.driver, timeout).until(EC.visibility_of_element_located(locator))\n           ^^^^^^^^^^^^^^^^^^^^^^^^^^^^^^^^^^^^^^^^^^^^^^^^^^^^^^^^^^^^^^^^^^^^^^^^^^^^^^^^^^^^\n  File \"C:\\Users\\ASUS\\PycharmProjects\\Diplom__3\\.venv\\Lib\\site-packages\\selenium\\webdriver\\support\\wait.py\", line 105, in until\n    raise TimeoutException(message, screen, stacktrace)\n"}, "parameters": [{"name": "locator", "value": "('xpath', \"//p[@class='counter_counter__num__3nue1' and text()='2']\")"}, {"name": "timeout", "value": "60"}], "start": 1731236526436, "stop": 1731236586471}], "start": 1731236526436, "stop": 1731236586472}], "parameters": [{"name": "driver", "value": "'firefox'"}], "start": 1731236522396, "stop": 1731236586473, "uuid": "fc8f930b-457c-45c5-a1bf-d6f9a88b4507", "historyId": "f03a7303fb89a3050f313b865f7ae3e6", "testCaseId": "5d51e5e6f4bd2fcf7edeae848572dc35", "fullName": "tests.test_main_functions.TestMainFunctions#test_authorized_order_flow", "labels": [{"name": "parentSuite", "value": "tests"}, {"name": "suite", "value": "test_main_functions"}, {"name": "subSuite", "value": "TestMainFunctions"}, {"name": "host", "value": "DESKTOP-0KFG2SR"}, {"name": "thread", "value": "17632-MainThread"}, {"name": "framework", "value": "pytest"}, {"name": "language", "value": "cpython3"}, {"name": "package", "value": "tests.test_main_functions"}]}