{"name": "Проверяем добавление ингредиента в заказ и изменение у него каунтера", "status": "broken", "statusDetails": {"message": "selenium.common.exceptions.TimeoutException: Message: \nStacktrace:\nRemoteError@chrome://remote/content/shared/RemoteError.sys.mjs:8:8\nWebDriverError@chrome://remote/content/shared/webdriver/Errors.sys.mjs:193:5\nNoSuchElementError@chrome://remote/content/shared/webdriver/Errors.sys.mjs:511:5\ndom.find/</<@chrome://remote/content/shared/DOM.sys.mjs:136:16", "trace": "self = <test_main_functions.TestMainFunctions object at 0x0000015F9BA6C9E0>\ndriver = <selenium.webdriver.firefox.webdriver.WebDriver (session=\"25d56e84-6f15-48a1-b1d4-75680dc4fc17\")>\n\n    @allure.title(\"Проверяем добавление ингредиента в заказ и изменение у него каунтера\")\n    def test_add_ingredient(self, driver):\n        main = MainPage(driver)\n        main.navigate(MAIN_URL)\n        main.ingredient_drag_and_drop()\n>       main.wait_for_counter_visible()\n\ntests\\test_main_functions.py:50: \n_ _ _ _ _ _ _ _ _ _ _ _ _ _ _ _ _ _ _ _ _ _ _ _ _ _ _ _ _ _ _ _ _ _ _ _ _ _ _ _ _ _ _ _ _ _ _ _ _ _ _ _ _ _ _ _ _ _ _ _ _ _ _ _ _ _ _ _ _ _ _ _ _ _ _ _ _ _ _ _ _ _ _ _ _ _ _ _ _ _\npages\\main_page.py:50: in wait_for_counter_visible\n    self.wait_for_element_visible(MainPageLocators.FLUO_BUN_COUNTER)\npages\\base_page.py:34: in wait_for_element_visible\n    return WebDriverWait(self.driver, timeout).until(EC.visibility_of_element_located(locator))\n_ _ _ _ _ _ _ _ _ _ _ _ _ _ _ _ _ _ _ _ _ _ _ _ _ _ _ _ _ _ _ _ _ _ _ _ _ _ _ _ _ _ _ _ _ _ _ _ _ _ _ _ _ _ _ _ _ _ _ _ _ _ _ _ _ _ _ _ _ _ _ _ _ _ _ _ _ _ _ _ _ _ _ _ _ _ _ _ _ _\n\nself = <selenium.webdriver.support.wait.WebDriverWait (session=\"25d56e84-6f15-48a1-b1d4-75680dc4fc17\")>\nmethod = <function visibility_of_element_located.<locals>._predicate at 0x0000015F9BAC7E20>, message = ''\n\n    def until(self, method: Callable[[D], Union[Literal[False], T]], message: str = \"\") -> T:\n        \"\"\"Calls the method provided with the driver as an argument until the \\\n        return value does not evaluate to ``False``.\n    \n        :param method: callable(WebDriver)\n        :param message: optional message for :exc:`TimeoutException`\n        :returns: the result of the last call to `method`\n        :raises: :exc:`selenium.common.exceptions.TimeoutException` if timeout occurs\n        \"\"\"\n        screen = None\n        stacktrace = None\n    \n        end_time = time.monotonic() + self._timeout\n        while True:\n            try:\n                value = method(self._driver)\n                if value:\n                    return value\n            except self._ignored_exceptions as exc:\n                screen = getattr(exc, \"screen\", None)\n                stacktrace = getattr(exc, \"stacktrace\", None)\n            if time.monotonic() > end_time:\n                break\n            time.sleep(self._poll)\n>       raise TimeoutException(message, screen, stacktrace)\nE       selenium.common.exceptions.TimeoutException: Message: \nE       Stacktrace:\nE       RemoteError@chrome://remote/content/shared/RemoteError.sys.mjs:8:8\nE       WebDriverError@chrome://remote/content/shared/webdriver/Errors.sys.mjs:193:5\nE       NoSuchElementError@chrome://remote/content/shared/webdriver/Errors.sys.mjs:511:5\nE       dom.find/</<@chrome://remote/content/shared/DOM.sys.mjs:136:16\n\n.venv\\Lib\\site-packages\\selenium\\webdriver\\support\\wait.py:105: TimeoutException"}, "steps": [{"name": "Инициализируем браузер", "status": "passed", "parameters": [{"name": "driver", "value": "<selenium.webdriver.firefox.webdriver.WebDriver (session=\"25d56e84-6f15-48a1-b1d4-75680dc4fc17\")>"}], "start": 1731236425925, "stop": 1731236425925}, {"name": "Открываем нужный URL", "status": "passed", "parameters": [{"name": "url", "value": "'https://stellarburgers.nomoreparties.site/'"}], "start": 1731236425925, "stop": 1731236431711}, {"name": "Перетаскиваем ингредиент в список ингредиентов", "status": "passed", "steps": [{"name": "Ждём, пока элемент станет кликабельным", "status": "passed", "parameters": [{"name": "locator", "value": "('xpath', \"(//p[contains(.,'Флюоресцентная булка R2-D3')])\")"}, {"name": "timeout", "value": "60"}], "start": 1731236431711, "stop": 1731236431758}, {"name": "Ждём, пока элемент станет видимым", "status": "passed", "parameters": [{"name": "locator", "value": "('xpath', \"//div[@class='constructor-element constructor-element_pos_top']\")"}, {"name": "timeout", "value": "60"}], "start": 1731236431765, "stop": 1731236431780}, {"name": "Перетаскиваем элемент", "status": "passed", "parameters": [{"name": "source_element", "value": "<selenium.webdriver.remote.webelement.WebElement (session=\"25d56e84-6f15-48a1-b1d4-75680dc4fc17\", element=\"e337a560-0223-43a2-ae72-2dfcf5fcafbd\")>"}, {"name": "target_element", "value": "<selenium.webdriver.remote.webelement.WebElement (session=\"25d56e84-6f15-48a1-b1d4-75680dc4fc17\", element=\"4da5cc24-31d8-44c7-bfa3-dd03fc7d33df\")>"}], "start": 1731236431784, "stop": 1731236432335}], "start": 1731236431711, "stop": 1731236432335}, {"name": "Ожидаем видимости каунтера", "status": "broken", "statusDetails": {"message": "selenium.common.exceptions.TimeoutException: Message: \nStacktrace:\nRemoteError@chrome://remote/content/shared/RemoteError.sys.mjs:8:8\nWebDriverError@chrome://remote/content/shared/webdriver/Errors.sys.mjs:193:5\nNoSuchElementError@chrome://remote/content/shared/webdriver/Errors.sys.mjs:511:5\ndom.find/</<@chrome://remote/content/shared/DOM.sys.mjs:136:16\n\n", "trace": "  File \"C:\\Users\\ASUS\\PycharmProjects\\Diplom__3\\.venv\\Lib\\site-packages\\allure_commons\\_allure.py\", line 192, in impl\n    return func(*a, **kw)\n           ^^^^^^^^^^^^^^\n  File \"C:\\Users\\ASUS\\PycharmProjects\\Diplom__3\\pages\\main_page.py\", line 50, in wait_for_counter_visible\n    self.wait_for_element_visible(MainPageLocators.FLUO_BUN_COUNTER)\n  File \"C:\\Users\\ASUS\\PycharmProjects\\Diplom__3\\.venv\\Lib\\site-packages\\allure_commons\\_allure.py\", line 192, in impl\n    return func(*a, **kw)\n           ^^^^^^^^^^^^^^\n  File \"C:\\Users\\ASUS\\PycharmProjects\\Diplom__3\\pages\\base_page.py\", line 34, in wait_for_element_visible\n    return WebDriverWait(self.driver, timeout).until(EC.visibility_of_element_located(locator))\n           ^^^^^^^^^^^^^^^^^^^^^^^^^^^^^^^^^^^^^^^^^^^^^^^^^^^^^^^^^^^^^^^^^^^^^^^^^^^^^^^^^^^^\n  File \"C:\\Users\\ASUS\\PycharmProjects\\Diplom__3\\.venv\\Lib\\site-packages\\selenium\\webdriver\\support\\wait.py\", line 105, in until\n    raise TimeoutException(message, screen, stacktrace)\n"}, "steps": [{"name": "Ждём, пока элемент станет видимым", "status": "broken", "statusDetails": {"message": "selenium.common.exceptions.TimeoutException: Message: \nStacktrace:\nRemoteError@chrome://remote/content/shared/RemoteError.sys.mjs:8:8\nWebDriverError@chrome://remote/content/shared/webdriver/Errors.sys.mjs:193:5\nNoSuchElementError@chrome://remote/content/shared/webdriver/Errors.sys.mjs:511:5\ndom.find/</<@chrome://remote/content/shared/DOM.sys.mjs:136:16\n\n", "trace": "  File \"C:\\Users\\ASUS\\PycharmProjects\\Diplom__3\\.venv\\Lib\\site-packages\\allure_commons\\_allure.py\", line 192, in impl\n    return func(*a, **kw)\n           ^^^^^^^^^^^^^^\n  File \"C:\\Users\\ASUS\\PycharmProjects\\Diplom__3\\pages\\base_page.py\", line 34, in wait_for_element_visible\n    return WebDriverWait(self.driver, timeout).until(EC.visibility_of_element_located(locator))\n           ^^^^^^^^^^^^^^^^^^^^^^^^^^^^^^^^^^^^^^^^^^^^^^^^^^^^^^^^^^^^^^^^^^^^^^^^^^^^^^^^^^^^\n  File \"C:\\Users\\ASUS\\PycharmProjects\\Diplom__3\\.venv\\Lib\\site-packages\\selenium\\webdriver\\support\\wait.py\", line 105, in until\n    raise TimeoutException(message, screen, stacktrace)\n"}, "parameters": [{"name": "locator", "value": "('xpath', \"//p[@class='counter_counter__num__3nue1' and text()='2']\")"}, {"name": "timeout", "value": "60"}], "start": 1731236432336, "stop": 1731236492377}], "start": 1731236432335, "stop": 1731236492395}], "parameters": [{"name": "driver", "value": "'firefox'"}], "start": 1731236425924, "stop": 1731236492397, "uuid": "d12a6ee8-90a3-4c61-9dae-e1e9e5aa4a16", "historyId": "b4ef5b1640363b0564dacbf2068de5fd", "testCaseId": "182343a8ec480c28c7efa4da50bafe17", "fullName": "tests.test_main_functions.TestMainFunctions#test_add_ingredient", "labels": [{"name": "parentSuite", "value": "tests"}, {"name": "suite", "value": "test_main_functions"}, {"name": "subSuite", "value": "TestMainFunctions"}, {"name": "host", "value": "DESKTOP-0KFG2SR"}, {"name": "thread", "value": "17632-MainThread"}, {"name": "framework", "value": "pytest"}, {"name": "language", "value": "cpython3"}, {"name": "package", "value": "tests.test_main_functions"}]}