{"name": "Проверяем, что заказы пользователя из раздела 'История заказов' отображаются в ленте", "status": "broken", "statusDetails": {"message": "selenium.common.exceptions.TimeoutException: Message: \nStacktrace:\nRemoteError@chrome://remote/content/shared/RemoteError.sys.mjs:8:8\nWebDriverError@chrome://remote/content/shared/webdriver/Errors.sys.mjs:193:5\nNoSuchElementError@chrome://remote/content/shared/webdriver/Errors.sys.mjs:511:5\ndom.find/</<@chrome://remote/content/shared/DOM.sys.mjs:136:16", "trace": "self = <test_order_feed.TestOrderFeed object at 0x0000022429682000>, driver = <selenium.webdriver.firefox.webdriver.WebDriver (session=\"316c9182-e081-4710-a1c4-b64fc34ac54c\")>\npayload = {'email': '81571@gmail.com', 'name': 'tfgiuuuphm', 'password': '9456549'}\n\n    @allure.title(\"Проверяем, что заказы пользователя из раздела 'История заказов' отображаются в ленте\")\n    def test_users_orders_displayed_in_feed(self, driver, payload):\n        response = requests.post(CREATE_USER_URL, data=payload)\n        assert response.status_code == 200\n        email = payload.get(\"email\")\n        password = payload.get(\"password\")\n        login_page = LoginPage(driver)\n        login_page.navigate(LOGIN_URL)\n        login_page.fill_in_email(email)\n        login_page.fill_in_password(password)\n        login_page.click_login_button()\n        main_page = MainPage(driver)\n        main_page.wait_order_button_visible()\n        expected_url = MAIN_URL\n        assert driver.current_url == expected_url\n        main_page.ingredient_drag_and_drop()\n>       main_page.wait_for_counter_visible()\n\ntests\\test_order_feed.py:42: \n_ _ _ _ _ _ _ _ _ _ _ _ _ _ _ _ _ _ _ _ _ _ _ _ _ _ _ _ _ _ _ _ _ _ _ _ _ _ _ _ _ _ _ _ _ _ _ _ _ _ _ _ _ _ _ _ _ _ _ _ _ _ _ _ _ _ _ _ _ _ _ _ _ _ _ _ _ _ _ _ _ _ _ _ _ _ _ _ _ _\npages\\main_page.py:50: in wait_for_counter_visible\n    self.wait_for_element_visible(MainPageLocators.FLUO_BUN_COUNTER)\npages\\base_page.py:34: in wait_for_element_visible\n    return WebDriverWait(self.driver, timeout).until(EC.visibility_of_element_located(locator))\n_ _ _ _ _ _ _ _ _ _ _ _ _ _ _ _ _ _ _ _ _ _ _ _ _ _ _ _ _ _ _ _ _ _ _ _ _ _ _ _ _ _ _ _ _ _ _ _ _ _ _ _ _ _ _ _ _ _ _ _ _ _ _ _ _ _ _ _ _ _ _ _ _ _ _ _ _ _ _ _ _ _ _ _ _ _ _ _ _ _\n\nself = <selenium.webdriver.support.wait.WebDriverWait (session=\"316c9182-e081-4710-a1c4-b64fc34ac54c\")>\nmethod = <function visibility_of_element_located.<locals>._predicate at 0x0000022429859120>, message = ''\n\n    def until(self, method: Callable[[D], Union[Literal[False], T]], message: str = \"\") -> T:\n        \"\"\"Calls the method provided with the driver as an argument until the \\\n        return value does not evaluate to ``False``.\n    \n        :param method: callable(WebDriver)\n        :param message: optional message for :exc:`TimeoutException`\n        :returns: the result of the last call to `method`\n        :raises: :exc:`selenium.common.exceptions.TimeoutException` if timeout occurs\n        \"\"\"\n        screen = None\n        stacktrace = None\n    \n        end_time = time.monotonic() + self._timeout\n        while True:\n            try:\n                value = method(self._driver)\n                if value:\n                    return value\n            except self._ignored_exceptions as exc:\n                screen = getattr(exc, \"screen\", None)\n                stacktrace = getattr(exc, \"stacktrace\", None)\n            if time.monotonic() > end_time:\n                break\n            time.sleep(self._poll)\n>       raise TimeoutException(message, screen, stacktrace)\nE       selenium.common.exceptions.TimeoutException: Message: \nE       Stacktrace:\nE       RemoteError@chrome://remote/content/shared/RemoteError.sys.mjs:8:8\nE       WebDriverError@chrome://remote/content/shared/webdriver/Errors.sys.mjs:193:5\nE       NoSuchElementError@chrome://remote/content/shared/webdriver/Errors.sys.mjs:511:5\nE       dom.find/</<@chrome://remote/content/shared/DOM.sys.mjs:136:16\n\n.venv\\Lib\\site-packages\\selenium\\webdriver\\support\\wait.py:105: TimeoutException"}, "steps": [{"name": "Инициализируем браузер", "status": "passed", "parameters": [{"name": "driver", "value": "<selenium.webdriver.firefox.webdriver.WebDriver (session=\"316c9182-e081-4710-a1c4-b64fc34ac54c\")>"}], "start": 1731117268152, "stop": 1731117268152}, {"name": "Открываем нужный URL", "status": "passed", "parameters": [{"name": "url", "value": "'https://stellarburgers.nomoreparties.site/login'"}], "start": 1731117268152, "stop": 1731117270407}, {"name": "Заполняем поле Email", "status": "passed", "steps": [{"name": "Ждём, пока элемент станет кликабельным", "status": "passed", "parameters": [{"name": "locator", "value": "('xpath', \"(//div[contains(.,'Email')])[5]\")"}, {"name": "timeout", "value": "60"}], "start": 1731117270407, "stop": 1731117270452}, {"name": "Кликаем по нужному элементу", "status": "passed", "steps": [{"name": "Ищем нужный элемент", "status": "passed", "parameters": [{"name": "locator", "value": "('xpath', \"(//div[contains(.,'Email')])[5]\")"}, {"name": "timeout", "value": "60"}], "start": 1731117270452, "stop": 1731117270455}], "parameters": [{"name": "locator", "value": "('xpath', \"(//div[contains(.,'Email')])[5]\")"}], "start": 1731117270452, "stop": 1731117270716}, {"name": "Заполняем поле нужным значением", "status": "passed", "steps": [{"name": "Ищем нужный элемент", "status": "passed", "parameters": [{"name": "locator", "value": "('xpath', \"(//input[@class='text input__textfield text_type_main-default'])[1]\")"}, {"name": "timeout", "value": "60"}], "start": 1731117270716, "stop": 1731117270720}], "parameters": [{"name": "locator", "value": "('xpath', \"(//input[@class='text input__textfield text_type_main-default'])[1]\")"}, {"name": "text", "value": "'81571@gmail.com'"}], "start": 1731117270716, "stop": 1731117270753}], "parameters": [{"name": "text", "value": "'81571@gmail.com'"}], "start": 1731117270407, "stop": 1731117270753}, {"name": "Заполняем поле 'Пароль'", "status": "passed", "steps": [{"name": "Ждём, пока элемент станет кликабельным", "status": "passed", "parameters": [{"name": "locator", "value": "('xpath', \"//label[contains(.,'Пароль')]\")"}, {"name": "timeout", "value": "60"}], "start": 1731117270754, "stop": 1731117270773}, {"name": "Кликаем по нужному элементу", "status": "passed", "steps": [{"name": "Ищем нужный элемент", "status": "passed", "parameters": [{"name": "locator", "value": "('xpath', \"//label[contains(.,'Пароль')]\")"}, {"name": "timeout", "value": "60"}], "start": 1731117270773, "stop": 1731117270779}], "parameters": [{"name": "locator", "value": "('xpath', \"//label[contains(.,'Пароль')]\")"}], "start": 1731117270773, "stop": 1731117270997}, {"name": "Заполняем поле нужным значением", "status": "passed", "steps": [{"name": "Ищем нужный элемент", "status": "passed", "parameters": [{"name": "locator", "value": "('xpath', \"//input[contains(@name,'Пароль')]\")"}, {"name": "timeout", "value": "60"}], "start": 1731117270997, "stop": 1731117271000}], "parameters": [{"name": "locator", "value": "('xpath', \"//input[contains(@name,'Пароль')]\")"}, {"name": "text", "value": "'9456549'"}], "start": 1731117270997, "stop": 1731117271017}], "parameters": [{"name": "text", "value": "'9456549'"}], "start": 1731117270753, "stop": 1731117271017}, {"name": "Нажимаем на кнопку 'Войти'", "status": "passed", "steps": [{"name": "Кликаем по нужному элементу", "status": "passed", "steps": [{"name": "Ищем нужный элемент", "status": "passed", "parameters": [{"name": "locator", "value": "('xpath', \"//button[contains(.,'Войти')]\")"}, {"name": "timeout", "value": "60"}], "start": 1731117271017, "stop": 1731117271020}], "parameters": [{"name": "locator", "value": "('xpath', \"//button[contains(.,'Войти')]\")"}], "start": 1731117271017, "stop": 1731117271256}], "start": 1731117271017, "stop": 1731117271256}, {"name": "Инициализируем браузер", "status": "passed", "parameters": [{"name": "driver", "value": "<selenium.webdriver.firefox.webdriver.WebDriver (session=\"316c9182-e081-4710-a1c4-b64fc34ac54c\")>"}], "start": 1731117271256, "stop": 1731117271256}, {"name": "Ожидаем видимости кнопки 'Оформить заказ'", "status": "passed", "steps": [{"name": "Ждём, пока элемент станет видимым", "status": "passed", "parameters": [{"name": "locator", "value": "('xpath', \"//button[contains(.,'Оформить заказ')]\")"}, {"name": "timeout", "value": "60"}], "start": 1731117271256, "stop": 1731117271775}], "start": 1731117271256, "stop": 1731117271775}, {"name": "Перетаскиваем ингредиент в список ингредиентов", "status": "passed", "steps": [{"name": "Ждём, пока элемент станет кликабельным", "status": "passed", "parameters": [{"name": "locator", "value": "('xpath', \"(//p[contains(.,'Флюоресцентная булка R2-D3')])\")"}, {"name": "timeout", "value": "60"}], "start": 1731117271780, "stop": 1731117271796}, {"name": "Ждём, пока элемент станет видимым", "status": "passed", "parameters": [{"name": "locator", "value": "('xpath', \"//div[@class='constructor-element constructor-element_pos_top']\")"}, {"name": "timeout", "value": "60"}], "start": 1731117271799, "stop": 1731117271808}, {"name": "Перетаскиваем элемент", "status": "passed", "parameters": [{"name": "source_element", "value": "<selenium.webdriver.remote.webelement.WebElement (session=\"316c9182-e081-4710-a1c4-b64fc34ac54c\", element=\"23e5f09c-fc8d-411e-8187-66cb51789c76\")>"}, {"name": "target_element", "value": "<selenium.webdriver.remote.webelement.WebElement (session=\"316c9182-e081-4710-a1c4-b64fc34ac54c\", element=\"2e04966a-54a9-47e2-8630-889dfa3946bf\")>"}], "start": 1731117271813, "stop": 1731117272366}], "start": 1731117271780, "stop": 1731117272367}, {"name": "Ожидаем видимости каунтера", "status": "broken", "statusDetails": {"message": "selenium.common.exceptions.TimeoutException: Message: \nStacktrace:\nRemoteError@chrome://remote/content/shared/RemoteError.sys.mjs:8:8\nWebDriverError@chrome://remote/content/shared/webdriver/Errors.sys.mjs:193:5\nNoSuchElementError@chrome://remote/content/shared/webdriver/Errors.sys.mjs:511:5\ndom.find/</<@chrome://remote/content/shared/DOM.sys.mjs:136:16\n\n", "trace": "  File \"C:\\Users\\ASUS\\PycharmProjects\\Diplom_3\\.venv\\Lib\\site-packages\\allure_commons\\_allure.py\", line 192, in impl\n    return func(*a, **kw)\n           ^^^^^^^^^^^^^^\n  File \"C:\\Users\\ASUS\\PycharmProjects\\Diplom_3\\pages\\main_page.py\", line 50, in wait_for_counter_visible\n    self.wait_for_element_visible(MainPageLocators.FLUO_BUN_COUNTER)\n  File \"C:\\Users\\ASUS\\PycharmProjects\\Diplom_3\\.venv\\Lib\\site-packages\\allure_commons\\_allure.py\", line 192, in impl\n    return func(*a, **kw)\n           ^^^^^^^^^^^^^^\n  File \"C:\\Users\\ASUS\\PycharmProjects\\Diplom_3\\pages\\base_page.py\", line 34, in wait_for_element_visible\n    return WebDriverWait(self.driver, timeout).until(EC.visibility_of_element_located(locator))\n           ^^^^^^^^^^^^^^^^^^^^^^^^^^^^^^^^^^^^^^^^^^^^^^^^^^^^^^^^^^^^^^^^^^^^^^^^^^^^^^^^^^^^\n  File \"C:\\Users\\ASUS\\PycharmProjects\\Diplom_3\\.venv\\Lib\\site-packages\\selenium\\webdriver\\support\\wait.py\", line 105, in until\n    raise TimeoutException(message, screen, stacktrace)\n"}, "steps": [{"name": "Ждём, пока элемент станет видимым", "status": "broken", "statusDetails": {"message": "selenium.common.exceptions.TimeoutException: Message: \nStacktrace:\nRemoteError@chrome://remote/content/shared/RemoteError.sys.mjs:8:8\nWebDriverError@chrome://remote/content/shared/webdriver/Errors.sys.mjs:193:5\nNoSuchElementError@chrome://remote/content/shared/webdriver/Errors.sys.mjs:511:5\ndom.find/</<@chrome://remote/content/shared/DOM.sys.mjs:136:16\n\n", "trace": "  File \"C:\\Users\\ASUS\\PycharmProjects\\Diplom_3\\.venv\\Lib\\site-packages\\allure_commons\\_allure.py\", line 192, in impl\n    return func(*a, **kw)\n           ^^^^^^^^^^^^^^\n  File \"C:\\Users\\ASUS\\PycharmProjects\\Diplom_3\\pages\\base_page.py\", line 34, in wait_for_element_visible\n    return WebDriverWait(self.driver, timeout).until(EC.visibility_of_element_located(locator))\n           ^^^^^^^^^^^^^^^^^^^^^^^^^^^^^^^^^^^^^^^^^^^^^^^^^^^^^^^^^^^^^^^^^^^^^^^^^^^^^^^^^^^^\n  File \"C:\\Users\\ASUS\\PycharmProjects\\Diplom_3\\.venv\\Lib\\site-packages\\selenium\\webdriver\\support\\wait.py\", line 105, in until\n    raise TimeoutException(message, screen, stacktrace)\n"}, "parameters": [{"name": "locator", "value": "('xpath', \"//p[@class='counter_counter__num__3nue1' and text()='2']\")"}, {"name": "timeout", "value": "60"}], "start": 1731117272367, "stop": 1731117332850}], "start": 1731117272367, "stop": 1731117332851}], "parameters": [{"name": "driver", "value": "'firefox'"}], "start": 1731117267977, "stop": 1731117332852, "uuid": "c707ba05-7b62-4d62-8c4a-8ec06bd3ad8d", "historyId": "6b1a6a9d3da837f101d881849def188c", "testCaseId": "acd4cc4d6c11cc2cff31be3893ca5a44", "fullName": "tests.test_order_feed.TestOrderFeed#test_users_orders_displayed_in_feed", "labels": [{"name": "parentSuite", "value": "tests"}, {"name": "suite", "value": "test_order_feed"}, {"name": "subSuite", "value": "TestOrderFeed"}, {"name": "host", "value": "DESKTOP-0KFG2SR"}, {"name": "thread", "value": "2748-MainThread"}, {"name": "framework", "value": "pytest"}, {"name": "language", "value": "cpython3"}, {"name": "package", "value": "tests.test_order_feed"}]}