{"name": "Проверяем флоу оформления заказа авторизованным пользователем", "status": "broken", "statusDetails": {"message": "selenium.common.exceptions.TimeoutException: Message: \nStacktrace:\nRemoteError@chrome://remote/content/shared/RemoteError.sys.mjs:8:8\nWebDriverError@chrome://remote/content/shared/webdriver/Errors.sys.mjs:193:5\nNoSuchElementError@chrome://remote/content/shared/webdriver/Errors.sys.mjs:511:5\ndom.find/</<@chrome://remote/content/shared/DOM.sys.mjs:136:16", "trace": "self = <test_main_functions.TestMainFunctions object at 0x0000022429680290>\ndriver = <selenium.webdriver.firefox.webdriver.WebDriver (session=\"f976fa0b-9771-4d13-b0ef-59ca144f4ed4\")>\npayload = {'email': '42445@gmail.com', 'name': 'tifuuhlizb', 'password': '2465558'}\n\n    @allure.title(\"Проверяем флоу оформления заказа авторизованным пользователем\")\n    def test_authorized_order_flow(self, driver, payload):\n        response = requests.post(CREATE_USER_URL, data=payload)\n        assert response.status_code == 200\n        email = payload.get(\"email\")\n        password = payload.get(\"password\")\n        login_page = LoginPage(driver)\n        login_page.navigate(LOGIN_URL)\n        login_page.fill_in_email(email)\n        login_page.fill_in_password(password)\n        login_page.click_login_button()\n        main_page = MainPage(driver)\n        main_page.wait_order_button_visible()\n        expected_url = MAIN_URL\n        assert driver.current_url == expected_url\n        main_page.ingredient_drag_and_drop()\n>       main_page.wait_for_counter_visible()\n\ntests\\test_main_functions.py:70: \n_ _ _ _ _ _ _ _ _ _ _ _ _ _ _ _ _ _ _ _ _ _ _ _ _ _ _ _ _ _ _ _ _ _ _ _ _ _ _ _ _ _ _ _ _ _ _ _ _ _ _ _ _ _ _ _ _ _ _ _ _ _ _ _ _ _ _ _ _ _ _ _ _ _ _ _ _ _ _ _ _ _ _ _ _ _ _ _ _ _\npages\\main_page.py:50: in wait_for_counter_visible\n    self.wait_for_element_visible(MainPageLocators.FLUO_BUN_COUNTER)\npages\\base_page.py:34: in wait_for_element_visible\n    return WebDriverWait(self.driver, timeout).until(EC.visibility_of_element_located(locator))\n_ _ _ _ _ _ _ _ _ _ _ _ _ _ _ _ _ _ _ _ _ _ _ _ _ _ _ _ _ _ _ _ _ _ _ _ _ _ _ _ _ _ _ _ _ _ _ _ _ _ _ _ _ _ _ _ _ _ _ _ _ _ _ _ _ _ _ _ _ _ _ _ _ _ _ _ _ _ _ _ _ _ _ _ _ _ _ _ _ _\n\nself = <selenium.webdriver.support.wait.WebDriverWait (session=\"f976fa0b-9771-4d13-b0ef-59ca144f4ed4\")>\nmethod = <function visibility_of_element_located.<locals>._predicate at 0x0000022429858900>, message = ''\n\n    def until(self, method: Callable[[D], Union[Literal[False], T]], message: str = \"\") -> T:\n        \"\"\"Calls the method provided with the driver as an argument until the \\\n        return value does not evaluate to ``False``.\n    \n        :param method: callable(WebDriver)\n        :param message: optional message for :exc:`TimeoutException`\n        :returns: the result of the last call to `method`\n        :raises: :exc:`selenium.common.exceptions.TimeoutException` if timeout occurs\n        \"\"\"\n        screen = None\n        stacktrace = None\n    \n        end_time = time.monotonic() + self._timeout\n        while True:\n            try:\n                value = method(self._driver)\n                if value:\n                    return value\n            except self._ignored_exceptions as exc:\n                screen = getattr(exc, \"screen\", None)\n                stacktrace = getattr(exc, \"stacktrace\", None)\n            if time.monotonic() > end_time:\n                break\n            time.sleep(self._poll)\n>       raise TimeoutException(message, screen, stacktrace)\nE       selenium.common.exceptions.TimeoutException: Message: \nE       Stacktrace:\nE       RemoteError@chrome://remote/content/shared/RemoteError.sys.mjs:8:8\nE       WebDriverError@chrome://remote/content/shared/webdriver/Errors.sys.mjs:193:5\nE       NoSuchElementError@chrome://remote/content/shared/webdriver/Errors.sys.mjs:511:5\nE       dom.find/</<@chrome://remote/content/shared/DOM.sys.mjs:136:16\n\n.venv\\Lib\\site-packages\\selenium\\webdriver\\support\\wait.py:105: TimeoutException"}, "steps": [{"name": "Инициализируем браузер", "status": "passed", "parameters": [{"name": "driver", "value": "<selenium.webdriver.firefox.webdriver.WebDriver (session=\"f976fa0b-9771-4d13-b0ef-59ca144f4ed4\")>"}], "start": 1731117135391, "stop": 1731117135391}, {"name": "Открываем нужный URL", "status": "passed", "parameters": [{"name": "url", "value": "'https://stellarburgers.nomoreparties.site/login'"}], "start": 1731117135391, "stop": 1731117136744}, {"name": "Заполняем поле Email", "status": "passed", "steps": [{"name": "Ждём, пока элемент станет кликабельным", "status": "passed", "parameters": [{"name": "locator", "value": "('xpath', \"(//div[contains(.,'Email')])[5]\")"}, {"name": "timeout", "value": "60"}], "start": 1731117136745, "stop": 1731117136802}, {"name": "Кликаем по нужному элементу", "status": "passed", "steps": [{"name": "Ищем нужный элемент", "status": "passed", "parameters": [{"name": "locator", "value": "('xpath', \"(//div[contains(.,'Email')])[5]\")"}, {"name": "timeout", "value": "60"}], "start": 1731117136802, "stop": 1731117136808}], "parameters": [{"name": "locator", "value": "('xpath', \"(//div[contains(.,'Email')])[5]\")"}], "start": 1731117136802, "stop": 1731117137073}, {"name": "Заполняем поле нужным значением", "status": "passed", "steps": [{"name": "Ищем нужный элемент", "status": "passed", "parameters": [{"name": "locator", "value": "('xpath', \"(//input[@class='text input__textfield text_type_main-default'])[1]\")"}, {"name": "timeout", "value": "60"}], "start": 1731117137073, "stop": 1731117137079}], "parameters": [{"name": "locator", "value": "('xpath', \"(//input[@class='text input__textfield text_type_main-default'])[1]\")"}, {"name": "text", "value": "'42445@gmail.com'"}], "start": 1731117137073, "stop": 1731117137117}], "parameters": [{"name": "text", "value": "'42445@gmail.com'"}], "start": 1731117136745, "stop": 1731117137118}, {"name": "Заполняем поле 'Пароль'", "status": "passed", "steps": [{"name": "Ждём, пока элемент станет кликабельным", "status": "passed", "parameters": [{"name": "locator", "value": "('xpath', \"//label[contains(.,'Пароль')]\")"}, {"name": "timeout", "value": "60"}], "start": 1731117137118, "stop": 1731117137136}, {"name": "Кликаем по нужному элементу", "status": "passed", "steps": [{"name": "Ищем нужный элемент", "status": "passed", "parameters": [{"name": "locator", "value": "('xpath', \"//label[contains(.,'Пароль')]\")"}, {"name": "timeout", "value": "60"}], "start": 1731117137136, "stop": 1731117137139}], "parameters": [{"name": "locator", "value": "('xpath', \"//label[contains(.,'Пароль')]\")"}], "start": 1731117137136, "stop": 1731117137364}, {"name": "Заполняем поле нужным значением", "status": "passed", "steps": [{"name": "Ищем нужный элемент", "status": "passed", "parameters": [{"name": "locator", "value": "('xpath', \"//input[contains(@name,'Пароль')]\")"}, {"name": "timeout", "value": "60"}], "start": 1731117137364, "stop": 1731117137367}], "parameters": [{"name": "locator", "value": "('xpath', \"//input[contains(@name,'Пароль')]\")"}, {"name": "text", "value": "'2465558'"}], "start": 1731117137364, "stop": 1731117137384}], "parameters": [{"name": "text", "value": "'2465558'"}], "start": 1731117137118, "stop": 1731117137384}, {"name": "Нажимаем на кнопку 'Войти'", "status": "passed", "steps": [{"name": "Кликаем по нужному элементу", "status": "passed", "steps": [{"name": "Ищем нужный элемент", "status": "passed", "parameters": [{"name": "locator", "value": "('xpath', \"//button[contains(.,'Войти')]\")"}, {"name": "timeout", "value": "60"}], "start": 1731117137384, "stop": 1731117137387}], "parameters": [{"name": "locator", "value": "('xpath', \"//button[contains(.,'Войти')]\")"}], "start": 1731117137384, "stop": 1731117137614}], "start": 1731117137384, "stop": 1731117137614}, {"name": "Инициализируем браузер", "status": "passed", "parameters": [{"name": "driver", "value": "<selenium.webdriver.firefox.webdriver.WebDriver (session=\"f976fa0b-9771-4d13-b0ef-59ca144f4ed4\")>"}], "start": 1731117137614, "stop": 1731117137614}, {"name": "Ожидаем видимости кнопки 'Оформить заказ'", "status": "passed", "steps": [{"name": "Ждём, пока элемент станет видимым", "status": "passed", "parameters": [{"name": "locator", "value": "('xpath', \"//button[contains(.,'Оформить заказ')]\")"}, {"name": "timeout", "value": "60"}], "start": 1731117137615, "stop": 1731117138131}], "start": 1731117137614, "stop": 1731117138131}, {"name": "Перетаскиваем ингредиент в список ингредиентов", "status": "passed", "steps": [{"name": "Ждём, пока элемент станет кликабельным", "status": "passed", "parameters": [{"name": "locator", "value": "('xpath', \"(//p[contains(.,'Флюоресцентная булка R2-D3')])\")"}, {"name": "timeout", "value": "60"}], "start": 1731117138133, "stop": 1731117138150}, {"name": "Ждём, пока элемент станет видимым", "status": "passed", "parameters": [{"name": "locator", "value": "('xpath', \"//div[@class='constructor-element constructor-element_pos_top']\")"}, {"name": "timeout", "value": "60"}], "start": 1731117138153, "stop": 1731117138165}, {"name": "Перетаскиваем элемент", "status": "passed", "parameters": [{"name": "source_element", "value": "<selenium.webdriver.remote.webelement.WebElement (session=\"f976fa0b-9771-4d13-b0ef-59ca144f4ed4\", element=\"9daf734c-f34d-4571-8ae4-e322a15febce\")>"}, {"name": "target_element", "value": "<selenium.webdriver.remote.webelement.WebElement (session=\"f976fa0b-9771-4d13-b0ef-59ca144f4ed4\", element=\"4d6fc0f4-ffad-44e2-9d69-5da33111d9d9\")>"}], "start": 1731117138168, "stop": 1731117138734}], "start": 1731117138133, "stop": 1731117138734}, {"name": "Ожидаем видимости каунтера", "status": "broken", "statusDetails": {"message": "selenium.common.exceptions.TimeoutException: Message: \nStacktrace:\nRemoteError@chrome://remote/content/shared/RemoteError.sys.mjs:8:8\nWebDriverError@chrome://remote/content/shared/webdriver/Errors.sys.mjs:193:5\nNoSuchElementError@chrome://remote/content/shared/webdriver/Errors.sys.mjs:511:5\ndom.find/</<@chrome://remote/content/shared/DOM.sys.mjs:136:16\n\n", "trace": "  File \"C:\\Users\\ASUS\\PycharmProjects\\Diplom_3\\.venv\\Lib\\site-packages\\allure_commons\\_allure.py\", line 192, in impl\n    return func(*a, **kw)\n           ^^^^^^^^^^^^^^\n  File \"C:\\Users\\ASUS\\PycharmProjects\\Diplom_3\\pages\\main_page.py\", line 50, in wait_for_counter_visible\n    self.wait_for_element_visible(MainPageLocators.FLUO_BUN_COUNTER)\n  File \"C:\\Users\\ASUS\\PycharmProjects\\Diplom_3\\.venv\\Lib\\site-packages\\allure_commons\\_allure.py\", line 192, in impl\n    return func(*a, **kw)\n           ^^^^^^^^^^^^^^\n  File \"C:\\Users\\ASUS\\PycharmProjects\\Diplom_3\\pages\\base_page.py\", line 34, in wait_for_element_visible\n    return WebDriverWait(self.driver, timeout).until(EC.visibility_of_element_located(locator))\n           ^^^^^^^^^^^^^^^^^^^^^^^^^^^^^^^^^^^^^^^^^^^^^^^^^^^^^^^^^^^^^^^^^^^^^^^^^^^^^^^^^^^^\n  File \"C:\\Users\\ASUS\\PycharmProjects\\Diplom_3\\.venv\\Lib\\site-packages\\selenium\\webdriver\\support\\wait.py\", line 105, in until\n    raise TimeoutException(message, screen, stacktrace)\n"}, "steps": [{"name": "Ждём, пока элемент станет видимым", "status": "broken", "statusDetails": {"message": "selenium.common.exceptions.TimeoutException: Message: \nStacktrace:\nRemoteError@chrome://remote/content/shared/RemoteError.sys.mjs:8:8\nWebDriverError@chrome://remote/content/shared/webdriver/Errors.sys.mjs:193:5\nNoSuchElementError@chrome://remote/content/shared/webdriver/Errors.sys.mjs:511:5\ndom.find/</<@chrome://remote/content/shared/DOM.sys.mjs:136:16\n\n", "trace": "  File \"C:\\Users\\ASUS\\PycharmProjects\\Diplom_3\\.venv\\Lib\\site-packages\\allure_commons\\_allure.py\", line 192, in impl\n    return func(*a, **kw)\n           ^^^^^^^^^^^^^^\n  File \"C:\\Users\\ASUS\\PycharmProjects\\Diplom_3\\pages\\base_page.py\", line 34, in wait_for_element_visible\n    return WebDriverWait(self.driver, timeout).until(EC.visibility_of_element_located(locator))\n           ^^^^^^^^^^^^^^^^^^^^^^^^^^^^^^^^^^^^^^^^^^^^^^^^^^^^^^^^^^^^^^^^^^^^^^^^^^^^^^^^^^^^\n  File \"C:\\Users\\ASUS\\PycharmProjects\\Diplom_3\\.venv\\Lib\\site-packages\\selenium\\webdriver\\support\\wait.py\", line 105, in until\n    raise TimeoutException(message, screen, stacktrace)\n"}, "parameters": [{"name": "locator", "value": "('xpath', \"//p[@class='counter_counter__num__3nue1' and text()='2']\")"}, {"name": "timeout", "value": "60"}], "start": 1731117138734, "stop": 1731117199219}], "start": 1731117138734, "stop": 1731117199219}], "parameters": [{"name": "driver", "value": "'firefox'"}], "start": 1731117134363, "stop": 1731117199220, "uuid": "876b9388-c8b7-42ac-98b6-49d12532319f", "historyId": "f03a7303fb89a3050f313b865f7ae3e6", "testCaseId": "5d51e5e6f4bd2fcf7edeae848572dc35", "fullName": "tests.test_main_functions.TestMainFunctions#test_authorized_order_flow", "labels": [{"name": "parentSuite", "value": "tests"}, {"name": "suite", "value": "test_main_functions"}, {"name": "subSuite", "value": "TestMainFunctions"}, {"name": "host", "value": "DESKTOP-0KFG2SR"}, {"name": "thread", "value": "2748-MainThread"}, {"name": "framework", "value": "pytest"}, {"name": "language", "value": "cpython3"}, {"name": "package", "value": "tests.test_main_functions"}]}